"../../../Engine/Content/Animation/DefaultAnimBoneCompressionSettings.uasset" 0
"../../../Engine/Content/Animation/DefaultAnimCurveCompressionSettings.uasset" 1
"../../../Engine/Content/EngineMaterials/T_Default_Material_Grid_N.uasset" 2
"../../../Engine/Content/EngineMaterials/T_Default_Material_Grid_M.uasset" 3
"../../../Engine/Content/Functions/Engine_MaterialFunctions01/Opacity/CameraDepthFade.uasset" 4
"../../../Engine/Content/EngineMaterials/WorldGridMaterial.uasset" 5
"../../../Engine/Content/ArtTools/RenderToTexture/Meshes/S_1_Unit_Plane.uasset" 6
"../../../Engine/Content/EngineMaterials/DefaultMaterial.uasset" 7
"../../../Engine/Content/BasicShapes/Cone.uasset" 8
"../../../Engine/Content/BasicShapes/Plane.uasset" 9
"../../../Engine/Content/EditorLandscapeResources/DataLayer.uasset" 10
"../../../Engine/Content/EditorLandscapeResources/DefaultAlphaTexture.uasset" 11
"../../../Engine/Content/EditorMaterials/MAT_Groups_Toggle.uasset" 12
"../../../Engine/Content/EditorMaterials/MAT_Groups_Visibility.uasset" 13
"../../../Engine/Content/EditorMaterials/PreviewShadowIndicator.uasset" 14
"../../../Engine/Content/EditorMaterials/PreviewShadowIndicatorMaterial.uasset" 15
"../../../Engine/Content/EditorMaterials/MatineeGroups/MAT_ColorTrack.uasset" 16
"../../../Engine/Content/EditorMaterials/MatineeGroups/MAT_Groups_Anim.uasset" 17
"../../../Engine/Content/EditorMaterials/MatineeGroups/MAT_Groups_AudioMaster.uasset" 18
"../../../Engine/Content/EditorMaterials/MatineeGroups/MAT_Groups_Director.uasset" 19
"../../../Engine/Content/EditorMaterials/MatineeGroups/MAT_Groups_Event.uasset" 20
"../../../Engine/Content/EditorMaterials/MatineeGroups/MAT_Groups_Fade.uasset" 21
"../../../Engine/Content/EditorMaterials/MatineeGroups/MAT_Groups_Float.uasset" 22
"../../../Engine/Content/EditorMaterials/MatineeGroups/MAT_Groups_Move.uasset" 23
"../../../Engine/Content/EditorMaterials/MatineeGroups/MAT_Groups_Slomo.uasset" 24
"../../../Engine/Content/EditorMaterials/MatineeGroups/MAT_Groups_Sound.uasset" 25
"../../../Engine/Content/EditorMaterials/MatineeGroups/MAT_Groups_Vector.uasset" 26
"../../../Engine/Content/EditorMaterials/ParticleSystems/PSysThumbnail_NoImage.uasset" 27
"../../../Engine/Content/EditorMaterials/ParticleSystems/PSysThumbnail_OOD.uasset" 28
"../../../Engine/Content/EditorMaterials/Camera/CineMat.uasset" 29
"../../../Engine/Content/EditorMaterials/Camera/MI_CineMat_Rig.uasset" 30
"../../../Engine/Content/EditorMeshes/Camera/SM_CraneRig_Arm.uasset" 31
"../../../Engine/Content/EditorMeshes/Camera/SM_CraneRig_Base.uasset" 32
"../../../Engine/Content/EditorMeshes/Camera/SM_CraneRig_Body.uasset" 33
"../../../Engine/Content/EditorMeshes/Camera/SM_CraneRig_Mount.uasset" 34
"../../../Engine/Content/EditorMeshes/Camera/SM_RailRig_Mount.uasset" 35
"../../../Engine/Content/EditorMeshes/Camera/SM_RailRig_Track.uasset" 36
"../../../Engine/Content/EditorResources/BSPVertex.uasset" 37
"../../../Engine/Content/EditorResources/EmptyActor.uasset" 38
"../../../Engine/Content/EditorResources/S_Actor.uasset" 39
"../../../Engine/Content/EditorResources/S_Note.uasset" 40
"../../../Engine/Content/EditorResources/S_Solver.uasset" 41
"../../../Engine/Content/EditorResources/S_Terrain.uasset" 42
"../../../Engine/Content/EditorResources/S_Trigger.uasset" 43
"../../../Engine/Content/EditorResources/LightIcons/S_LightError.uasset" 44
"../../../Engine/Content/EditorResources/SequenceRecorder/Countdown.uasset" 45
"../../../Engine/Content/EditorResources/SequenceRecorder/RecordingIndicator.uasset" 46
"../../../Engine/Content/EngineDamageTypes/DmgTypeBP_Environmental.uasset" 47
"../../../Engine/Content/EngineDebugMaterials/DebugEditorMaterial.uasset" 48
"../../../Engine/Content/EngineDebugMaterials/DebugMeshMaterial.uasset" 49
"../../../Engine/Content/EngineDebugMaterials/M_SimpleUnlitTranslucent.uasset" 50
"../../../Engine/Content/EngineDebugMaterials/VolumeToRender.uasset" 51
"../../../Engine/Content/Functions/Engine_MaterialFunctions02/Utility/CameraDirectionVector.uasset" 52
"../../../Engine/Content/EngineDebugMaterials/M_VolumeRenderSphereTracePP.uasset" 53
"../../../Engine/Content/Functions/Engine_MaterialFunctions01/Shading/ConvertFromDiffSpec.uasset" 54
"../../../Engine/Content/EngineDebugMaterials/VertexColorMaterial.uasset" 55
"../../../Engine/Content/EngineDebugMaterials/WireframeMaterial.uasset" 56
"../../../Engine/Content/EngineFonts/Faces/RobotoRegular.uasset" 57
"../../../Engine/Content/EngineFonts/Faces/RobotoLight.uasset" 58
"../../../Engine/Content/EngineFonts/Faces/RobotoItalic.uasset" 59
"../../../Engine/Content/EngineFonts/Faces/RobotoBoldItalic.uasset" 60
"../../../Engine/Content/EngineFonts/Faces/RobotoBold.uasset" 61
"../../../Engine/Content/EngineFonts/Faces/DroidSansFallback.uasset" 62
"../../../Engine/Content/EngineFonts/Roboto.uasset" 63
"../../../Engine/Content/EngineMaterials/BaseFlattenNormalMap.uasset" 64
"../../../Engine/Content/EngineMaterials/BaseFlattenGrayscaleMap.uasset" 65
"../../../Engine/Content/EngineMaterials/BaseFlattenEmissiveMap.uasset" 66
"../../../Engine/Content/EngineMaterials/BaseFlattenDiffuseMap.uasset" 67
"../../../Engine/Content/EngineMaterials/BaseFlattenMaterial.uasset" 68
"../../../Engine/Content/EngineMaterials/BlueNoise.uasset" 69
"../../../Engine/Content/EngineMaterials/DefaultBloomKernel.uasset" 70
"../../../Engine/Content/EngineMaterials/DefaultBokeh.uasset" 71
"../../../Engine/Content/EngineMaterials/DefaultDiffuse.uasset" 72
"../../../Engine/Content/EngineMaterials/DefaultDeferredDecalMaterial.uasset" 73
"../../../Engine/Content/EngineMaterials/DefaultLightFunctionMaterial.uasset" 74
"../../../Engine/Content/Functions/Engine_MaterialFunctions02/Utility/BreakOutFloat2Components.uasset" 75
"../../../Engine/Content/EngineMaterials/DefaultPostProcessMaterial.uasset" 76
"../../../Engine/Content/EngineFonts/RobotoDistanceField.uasset" 77
"../../../Engine/Content/EngineMaterials/DefaultTextMaterialOpaque.uasset" 78
"../../../Engine/Content/EngineMaterials/DefaultWhiteGrid_Low.uasset" 79
"../../../Engine/Content/EngineMaterials/EmissiveMeshMaterial.uasset" 80
"../../../Engine/Content/EngineMaterials/GizmoMaterial.uasset" 81
"../../../Engine/Content/EngineMaterials/Good64x64TilingNoiseHighFreq.uasset" 82
"../../../Engine/Content/EngineMaterials/MiniFont.uasset" 83
"../../../Engine/Content/EngineMaterials/InvalidLightmapSettings.uasset" 84
"../../../Engine/Content/EngineMaterials/M_InvalidLightmapSettings.uasset" 85
"../../../Engine/Content/Functions/Engine_MaterialFunctions02/WorldPositionOffset/CameraOffset.uasset" 86
"../../../Engine/Content/EngineMaterials/PhAT_JointLimitMaterial.uasset" 87
"../../../Engine/Content/EngineMaterials/PreintegratedSkinBRDF.uasset" 88
"../../../Engine/Content/EngineMaterials/RemoveSurfaceMaterial.uasset" 89
"../../../Engine/Content/EngineResources/WhiteSquareTexture.uasset" 90
"../../../Engine/Content/EngineMaterials/Widget3DPassThrough.uasset" 91
"../../../Engine/Content/EngineMaterials/Widget3DPassThrough_Masked.uasset" 92
"../../../Engine/Content/EngineMaterials/Widget3DPassThrough_Opaque.uasset" 93
"../../../Engine/Content/EngineMaterials/Widget3DPassThrough_Masked_OneSided.uasset" 94
"../../../Engine/Content/EngineMaterials/Widget3DPassThrough_Opaque_OneSided.uasset" 95
"../../../Engine/Content/EngineMaterials/Widget3DPassThrough_Translucent.uasset" 96
"../../../Engine/Content/EngineMaterials/Widget3DPassThrough_Translucent_OneSided.uasset" 97
"../../../Engine/Content/EngineMeshes/Cube.uasset" 98
"../../../Engine/Content/EngineMeshes/Cylinder.uasset" 99
"../../../Engine/Content/EngineMeshes/Sphere.uasset" 100
"../../../Engine/Content/EngineResources/Black.uasset" 101
"../../../Engine/Content/EngineResources/DefaultTextureCube.uasset" 102
"../../../Engine/Content/EngineResources/DefaultVolumeTexture2D.uasset" 103
"../../../Engine/Content/EngineResources/DefaultVolumeTexture.uasset" 104
"../../../Engine/Content/EngineResources/GradientTexture0.uasset" 105
"../../../Engine/Content/EngineSky/VolumetricClouds/T_NoiseShape64.uasset" 106
"../../../Engine/Content/EngineSky/VolumetricClouds/T_VolumeNoiseShape64.uasset" 107
"../../../Engine/Content/EngineSky/VolumetricClouds/T_NoiseErosion.uasset" 108
"../../../Engine/Content/EngineSky/VolumetricClouds/T_VolumeNoiseErosion32.uasset" 109
"../../../Engine/Content/EngineSky/VolumetricClouds/CloudWeatherTexture.uasset" 110
"../../../Engine/Content/EngineSky/VolumetricClouds/CloudGradientTexture.uasset" 111
"../../../Engine/Content/Functions/Engine_MaterialFunctions02/Utility/MakeFloat2.uasset" 112
"../../../Engine/Content/EngineSky/VolumetricClouds/m_SimpleVolumetricCloud.uasset" 113
"../../../Engine/Content/EngineSky/VolumetricClouds/m_SimpleVolumetricCloud_Inst.uasset" 114
"../../../Engine/Content/EngineSounds/Master.uasset" 115
"../../../Engine/Content/Functions/Engine_MaterialFunctions01/Shading/PowerToRoughness.uasset" 116
"../../../Engine/Content/Maps/Templates/Thumbnails/Default.uasset" 117
"../../../Engine/Content/Maps/Templates/Thumbnails/TimeOfDay.uasset" 118
"../../../Engine/Content/Maps/Templates/Thumbnails/VR-Basic.uasset" 119
"../../../Engine/Content/MobileResources/T_MobileControls_texture.uasset" 120
"../../../Engine/Content/MobileResources/T_MobileMenu2.uasset" 121
"../../../Engine/Content/MobileResources/HUD/AnalogHat.uasset" 122
"../../../Engine/Content/MobileResources/HUD/VirtualJoystick_Thumb.uasset" 123
"../../../Engine/Content/MobileResources/HUD/VirtualJoystick_Background.uasset" 124
"../../../Engine/Content/MobileResources/HUD/DefaultVirtualJoysticks.uasset" 125
"../../../Engine/Content/MobileResources/HUD/LeftVirtualJoystickOnly.uasset" 126
"../../../Engine/Content/MobileResources/HUD/MobileHUDButton1_off.uasset" 127
"../../../Engine/Content/MobileResources/HUD/MobileHUDButton1_on.uasset" 128
"../../../Engine/Content/MobileResources/HUD/MobileHUDButton2_off.uasset" 129
"../../../Engine/Content/MobileResources/HUD/MobileHUDButton2_on.uasset" 130
"../../../Engine/Content/MobileResources/HUD/MobileHUDButton3.uasset" 131
"../../../Engine/Content/MobileResources/HUD/MobileHUDButtonFire.uasset" 132
"../../../Engine/Content/MobileResources/HUD/MobileHUDDirectionPad.uasset" 133
"../../../Engine/Content/MobileResources/HUD/MobileHUDDirectionPad2.uasset" 134
"../../../Engine/Content/MobileResources/HUD/MobileHUDDirectionPad3.uasset" 135
"../../../Engine/Content/MobileResources/HUD/MobileHUDDirectionStick.uasset" 136
"../../../Engine/Content/MobileResources/HUD/T_Castle_ThumbstickInner.uasset" 137
"../../../Engine/Content/MobileResources/HUD/T_Castle_ThumbstickOutter.uasset" 138
"../../../Engine/Content/Tutorial/ContentIntroCurve.uasset" 139
"../../../Engine/Content/Tutorial/Basics/LevelEditorAttract.uasset" 140
"../../../Engine/Content/Tutorial/Basics/TutorialAssets/icon_tab_Levels_40x.uasset" 141
"../../../Engine/Content/Tutorial/Basics/LevelEditorOverview.uasset" 142
"../../../Engine/Content/Tutorial/Installation/InstallingVisualStudioTutorial.uasset" 143
"../../../Engine/Content/Tutorial/SubEditors/StaticMeshEditorTutorial.uasset" 144
"../../../Engine/Content/VREditor/TransformGizmo/TranslucentTransformGizmoMaterial.uasset" 145
"../../../Engine/Content/VREditor/LaserPointer/VR_LaserPower_01.uasset" 146
"../../../Engine/Content/VREditor/TransformGizmo/TransformGizmoMaterial.uasset" 147
"../../../Engine/Content/VREditor/TransformGizmo/BoundingBoxCorner.uasset" 148
"../../../Engine/Content/VREditor/TransformGizmo/BoundingBoxEdge.uasset" 149
"../../../Engine/Content/VREditor/TransformGizmo/PlaneTranslationHandle.uasset" 150
"../../../Engine/Content/VREditor/TransformGizmo/Xray.uasset" 151
"../../../Engine/Content/VREditor/TransformGizmo/Main.uasset" 152
"../../../Engine/Content/VREditor/TransformGizmo/SM_Sequencer_Key.uasset" 153
"../../../Engine/Content/VREditor/TransformGizmo/SM_Sequencer_Node.uasset" 154
"../../Plugins/2D/Paper2D/Content/PlaceholderTextures/DummySpriteTexture.uasset" 155
"../../Plugins/2D/Paper2D/Content/DummySprite.uasset" 156
"../../Plugins/2D/Paper2D/Content/DefaultPaperTerrainMaterial.uasset" 157
"../../Plugins/2D/Paper2D/Content/DefaultSpriteMaterial.uasset" 158
"../../Plugins/2D/Paper2D/Content/MaskedUnlitSpriteMaterial.uasset" 159
"../../Plugins/2D/Paper2D/Content/OpaqueUnlitSpriteMaterial.uasset" 160
"../../../Engine/Content/Functions/Engine_MaterialFunctions02/Utility/BreakOutFloat3Components.uasset" 161
"../../Plugins/Editor/SpeedTreeImporter/Content/SpeedTree9/UnpackInteger3.uasset" 162
"../../Plugins/Editor/SpeedTreeImporter/Content/SpeedTree9/UnpackDirection.uasset" 163
"../../Plugins/Editor/SpeedTreeImporter/Content/SpeedTree9/game_wind_noise.uasset" 164
"../../../Engine/Content/Functions/Engine_MaterialFunctions02/SafeNormalize.uasset" 165
"../../Plugins/Editor/SpeedTreeImporter/Content/SpeedTree9/SpeedTreeWindMotion.uasset" 166
"../../Plugins/Editor/SpeedTreeImporter/Content/SpeedTree9/SpeedTreeBranchMotion.uasset" 167
"../../../Engine/Content/Functions/Engine_MaterialFunctions02/ObjectLocalBounds.uasset" 168
"../../../Engine/Content/Functions/Engine_MaterialFunctions02/UVs/BoundingBoxBased_0-1_UVW.uasset" 169
"../../Plugins/Editor/SpeedTreeImporter/Content/SpeedTree9/SpeedTreeWind.uasset" 170
"../../Plugins/Editor/SpeedTreeImporter/Content/SpeedTree9/SpeedTreeBillboard.uasset" 171
"../../../Engine/Content/EngineResources/DefaultTexture.uasset" 172
"../../Plugins/Editor/SpeedTreeImporter/Content/SpeedTree9/SpeedTreeBillboardMaster.uasset" 173
"../../Plugins/Editor/SpeedTreeImporter/Content/SpeedTree9/SpeedTreeCameraFacing.uasset" 174
"../../Plugins/Editor/SpeedTreeImporter/Content/SpeedTree9/SpeedTreeMaster.uasset" 175
"../../../Engine/Content/BasicShapes/Cylinder.uasset" 176
"../../../Engine/Content/ArtTools/RenderToTexture/Materials/Debug/M_Emissive_Color.uasset" 177
"../../Plugins/Lumin/MagicLeapPassableWorld/Content/MagicLeapARPinInfoActor.uasset" 178
"../../../Engine/Content/Functions/Engine_MaterialFunctions02/Utility/BreakOutFloat4Components.uasset" 179
"../../../Engine/Content/Functions/Engine_MaterialFunctions02/Utility/MakeFloat3.uasset" 180
"../../Plugins/Runtime/Oculus/OculusVR/Content/Materials/OculusMR_ChromaKey.uasset" 181
"../../Plugins/Runtime/Oculus/OculusVR/Content/Materials/OculusMR_OpaqueColoredMaterial.uasset" 182
"../../Plugins/Runtime/Oculus/OculusVR/Content/Materials/PokeAHoleMaterial.uasset" 183
"D:/UE4 projects/dodgegame3d/Content/imagesandBGM/6243957190688768.uasset" 184
"D:/UE4 projects/dodgegame3d/Content/imagesandBGM/bgm.uasset" 185
"../../../Engine/Content/EngineMaterials/WeightMapPlaceholderTexture.uasset" 186
"../../../Engine/Content/Functions/Engine_MaterialFunctions01/Texturing/FlattenNormal.uasset" 187
"D:/UE4 projects/dodgegame3d/Content/LevelMapsandAssets/textures/SpanishPavement_basecolor.uasset" 188
"D:/UE4 projects/dodgegame3d/Content/LevelMapsandAssets/textures/SpanishPavement_normal.uasset" 189
"D:/UE4 projects/dodgegame3d/Content/LevelMapsandAssets/textures/SpanishPavement_Roughness.uasset" 190
"D:/UE4 projects/dodgegame3d/Content/LevelMapsandAssets/materials/Mastermaterial.uasset" 191
"D:/UE4 projects/dodgegame3d/Content/LevelMapsandAssets/textures/WoodenCrate_BaseColor.uasset" 192
"D:/UE4 projects/dodgegame3d/Content/LevelMapsandAssets/textures/WoodenCrate_Normal.uasset" 193
"D:/UE4 projects/dodgegame3d/Content/LevelMapsandAssets/textures/WoodenCrate_Metallic.uasset" 194
"D:/UE4 projects/dodgegame3d/Content/LevelMapsandAssets/textures/WoodenCrate_Roughness.uasset" 195
"D:/UE4 projects/dodgegame3d/Content/LevelMapsandAssets/materials/woodencrate.uasset" 196
"D:/UE4 projects/dodgegame3d/Content/LevelMapsandAssets/staticmeshes/WoodenCrate.uasset" 197
"D:/UE4 projects/dodgegame3d/Content/Megascans/3D_Plants/Reed_Grass_slBjG/Translucency_2K_slBjG.uasset" 198
"D:/UE4 projects/dodgegame3d/Content/Megascans/3D_Plants/Reed_Grass_slBjG/Roughness_2K_slBjG.uasset" 199
"../../../Engine/Content/EngineMaterials/DefaultWhiteGrid.uasset" 200
"../../../Engine/Content/EngineMaterials/DefaultNormal.uasset" 201
"../../../Engine/Content/EngineMaterials/BlendFunc_DefBlend.uasset" 202
"../../../Engine/Content/EngineMaterials/BlendFunc_DefBase.uasset" 203
"../../../Engine/Content/Functions/Engine_MaterialFunctions03/Blends/Blend_Overlay.uasset" 204
"../../../Engine/Content/Functions/Engine_MaterialFunctions01/WorldPositionOffset/SimpleGrassWind.uasset" 205
"../../../Engine/Content/Functions/Engine_MaterialFunctions01/SpeedTree/SpeedTreeColorVariation.uasset" 206
"D:/UE4 projects/dodgegame3d/Content/MSPresets/Foliage_Material/Foliage_Material.uasset" 207
"D:/UE4 projects/dodgegame3d/Content/Megascans/3D_Plants/Reed_Grass_slBjG/Opacity_2K_slBjG.uasset" 208
"D:/UE4 projects/dodgegame3d/Content/Megascans/3D_Plants/Reed_Grass_slBjG/Normal_2K_slBjG.uasset" 209
"D:/UE4 projects/dodgegame3d/Content/Megascans/3D_Plants/Reed_Grass_slBjG/Albedo_2K_slBjG.uasset" 210
"D:/UE4 projects/dodgegame3d/Content/Megascans/3D_Plants/Reed_Grass_slBjG/Reed_Grass_slBjG_inst.uasset" 211
"D:/UE4 projects/dodgegame3d/Content/Megascans/3D_Plants/Reed_Grass_slBjG/Billboard/Reed_Grass_slBjG_Billboard_inst.uasset" 212
"D:/UE4 projects/dodgegame3d/Content/Megascans/3D_Plants/Reed_Grass_slBjG/Reed_Grass_LOD0_Var3_slBjG_3.uasset" 213
"D:/UE4 projects/dodgegame3d/Content/Megascans/3D_Plants/Tall_Grass_rbEkP/Translucency_4K_rbEkP.uasset" 214
"D:/UE4 projects/dodgegame3d/Content/Megascans/3D_Plants/Tall_Grass_rbEkP/Roughness_4K_rbEkP.uasset" 215
"D:/UE4 projects/dodgegame3d/Content/Megascans/3D_Plants/Tall_Grass_rbEkP/Opacity_4K_rbEkP.uasset" 216
"D:/UE4 projects/dodgegame3d/Content/Megascans/3D_Plants/Tall_Grass_rbEkP/Normal_4K_rbEkP.uasset" 217
"D:/UE4 projects/dodgegame3d/Content/Megascans/3D_Plants/Tall_Grass_rbEkP/Albedo_4K_rbEkP.uasset" 218
"D:/UE4 projects/dodgegame3d/Content/Megascans/3D_Plants/Tall_Grass_rbEkP/Tall_Grass_rbEkP_inst.uasset" 219
"D:/UE4 projects/dodgegame3d/Content/Megascans/3D_Plants/Tall_Grass_rbEkP/Billboard/Tall_Grass_rbEkP_Billboard_inst.uasset" 220
"D:/UE4 projects/dodgegame3d/Content/Megascans/3D_Plants/Tall_Grass_rbEkP/Tall_Grass_LOD0_Var2_rbEkP_2.uasset" 221
"D:/UE4 projects/dodgegame3d/Content/Megascans/3D_Plants/Tall_Grass_rbEkP/Tall_Grass_LOD0_Var3_rbEkP_3.uasset" 222
"D:/UE4 projects/dodgegame3d/Content/Megascans/Surfaces/Fresh_Harvest_tmjmbhsl/Albedo_4K_tmjmbhsl.uasset" 223
"D:/UE4 projects/dodgegame3d/Content/Megascans/Surfaces/Fresh_Harvest_tmjmbhsl/Normal_4K_tmjmbhsl.uasset" 224
"D:/UE4 projects/dodgegame3d/Content/Megascans/Surfaces/Fresh_Harvest_tmjmbhsl/Roughness_4K_tmjmbhsl.uasset" 225
"D:/UE4 projects/dodgegame3d/Content/Megascans/Surfaces/Rocky_Steppe_uknicjmmw/Albedo_4K_uknicjmmw.uasset" 226
"D:/UE4 projects/dodgegame3d/Content/Megascans/Surfaces/Rocky_Steppe_uknicjmmw/Normal_4K_uknicjmmw.uasset" 227
"D:/UE4 projects/dodgegame3d/Content/Megascans/Surfaces/Rocky_Steppe_uknicjmmw/Roughness_4K_uknicjmmw.uasset" 228
"D:/UE4 projects/dodgegame3d/Content/Megascans/Surfaces/Uncut_Grass_oilpt0/Albedo_4K_oilpt0.uasset" 229
"D:/UE4 projects/dodgegame3d/Content/Megascans/Surfaces/Uncut_Grass_oilpt0/Normal_4K_oilpt0.uasset" 230
"D:/UE4 projects/dodgegame3d/Content/Megascans/Surfaces/Uncut_Grass_oilpt0/Roughness_4K_oilpt0.uasset" 231
"../../../Engine/Content/BasicShapes/Sphere.uasset" 232
"../../../Engine/Content/EngineMaterials/DefaultPhysicalMaterial.uasset" 233
"../../../Engine/Content/BasicShapes/Cube.uasset" 234
"D:/UE4 projects/dodgegame3d/Content/LevelMapsandAssets/textures/WoodenCrate_MetallicRoughnessOcclusion.uasset" 235
"D:/UE4 projects/dodgegame3d/Content/LevelMapsandAssets/materials/woodenbox.uasset" 236
"D:/UE4 projects/dodgegame3d/Content/LevelMapsandAssets/materials/woodenbox_Inst.uasset" 237
"D:/UE4 projects/dodgegame3d/Content/LevelMapsandAssets/materials/Spanishpavement_Inst.uasset" 238
"D:/UE4 projects/dodgegame3d/Content/LevelMapsandAssets/materials/1stlandscape.uasset" 239
"D:/UE4 projects/dodgegame3d/Content/LevelMapsandAssets/materials/1stlandscape_Inst.uasset" 240
"../../../Engine/Content/MapTemplates/TilingNoise05.uasset" 241
"../../../Engine/Content/Functions/Engine_MaterialFunctions02/SplitComponents.uasset" 242
"../../../Engine/Content/EngineSky/M_SkyTimeOfDay.uasset" 243
"D:/UE4 projects/dodgegame3d/Content/LevelMapsandAssets/maps/landscape_BuiltData.uasset" 244
"D:/UE4 projects/dodgegame3d/Content/LevelMapsandAssets/maps/landscape_sharedassets/Rockydirt_LayerInfo.uasset" 245
"D:/UE4 projects/dodgegame3d/Content/LevelMapsandAssets/maps/landscape_sharedassets/Grassland_LayerInfo.uasset" 246
"D:/UE4 projects/dodgegame3d/Content/LevelMapsandAssets/maps/landscape_sharedassets/drygrass_LayerInfo.uasset" 247
"D:/UE4 projects/dodgegame3d/Content/Megascans/3D_Plants/Reed_Grass_slBjG/Reed_Grass_LOD0_Var6_slBjG_6.uasset" 248
"D:/UE4 projects/dodgegame3d/Content/imagesandBGM/modern-dark-bg-vector-20521629.uasset" 249
"D:/UE4 projects/dodgegame3d/Content/imagesandBGM/7-2-winner-png-file.uasset" 250
"D:/UE4 projects/dodgegame3d/Content/widgets/Win.uasset" 251
"D:/UE4 projects/dodgegame3d/Content/StarterContent/Textures/T_Statue_N.uasset" 252
"D:/UE4 projects/dodgegame3d/Content/StarterContent/Textures/T_Statue_M.uasset" 253
"D:/UE4 projects/dodgegame3d/Content/StarterContent/Props/Materials/M_StatueGlass.uasset" 254
"D:/UE4 projects/dodgegame3d/Content/StarterContent/Props/Materials/M_Statue.uasset" 255
"D:/UE4 projects/dodgegame3d/Content/StarterContent/Props/SM_Statue.uasset" 256
"D:/UE4 projects/dodgegame3d/Content/StarterContent/Textures/T_Tech_Hex_Tile_N.uasset" 257
"D:/UE4 projects/dodgegame3d/Content/StarterContent/Textures/T_Tech_Hex_Tile_M.uasset" 258
"../../../Engine/Content/Functions/Engine_MaterialFunctions02/Utility/BlendAngleCorrectedNormals.uasset" 259
"D:/UE4 projects/dodgegame3d/Content/StarterContent/Materials/M_Tech_Hex_Tile.uasset" 260
"D:/UE4 projects/dodgegame3d/Content/StarterContent/Textures/T_MacroVariation.uasset" 261
"D:/UE4 projects/dodgegame3d/Content/StarterContent/Textures/T_Metal_Gold_D.uasset" 262
"D:/UE4 projects/dodgegame3d/Content/StarterContent/Textures/T_Metal_Gold_N.uasset" 263
"D:/UE4 projects/dodgegame3d/Content/StarterContent/Materials/M_Metal_Gold.uasset" 264
"D:/UE4 projects/dodgegame3d/Content/BP/Blueprints/winstatue.uasset" 265
"D:/UE4 projects/dodgegame3d/Content/imagesandBGM/Key_space_Icon.uasset" 266
"D:/UE4 projects/dodgegame3d/Content/imagesandBGM/794892.uasset" 267
"D:/UE4 projects/dodgegame3d/Content/widgets/Howtoplay.uasset" 268
"D:/UE4 projects/dodgegame3d/Content/BP/Blueprints/Instructions.uasset" 269
"D:/UE4 projects/dodgegame3d/Content/Mannequin/Character/Mesh/UE4_Mannequin_Skeleton.uasset" 270
"D:/UE4 projects/dodgegame3d/Content/Man/Mesh/Full/SK_Man_Full_04_PhysicsAsset.uasset" 271
"D:/UE4 projects/dodgegame3d/Content/Man/Textures/Cloth/T_Man_Cloth_Up_Normals.uasset" 272
"D:/UE4 projects/dodgegame3d/Content/Man/Textures/Cloth/T_Man_Cloth_Up_Metallic.uasset" 273
"D:/UE4 projects/dodgegame3d/Content/Man/Textures/Cloth/T_Man_Cloth_Up_Ao.uasset" 274
"D:/UE4 projects/dodgegame3d/Content/Man/Textures/Cloth/T_Man_Cloth_Up_Albedo_01.uasset" 275
"D:/UE4 projects/dodgegame3d/Content/Man/Materials/M_Man_Cloth_Up_01.uasset" 276
"D:/UE4 projects/dodgegame3d/Content/Man/Textures/Cloth/T_Man_Cloth_Down_Normals.uasset" 277
"D:/UE4 projects/dodgegame3d/Content/Man/Textures/Cloth/T_Man_Cloth_Down_Metallic.uasset" 278
"D:/UE4 projects/dodgegame3d/Content/Man/Textures/Cloth/T_Man_Cloth_Down_Ao.uasset" 279
"D:/UE4 projects/dodgegame3d/Content/Man/Textures/Cloth/T_Man_Cloth_Down_Albedo_01.uasset" 280
"D:/UE4 projects/dodgegame3d/Content/Man/Materials/M_Man_Cloth_Down_01.uasset" 281
"D:/UE4 projects/dodgegame3d/Content/Man/Textures/Body/T_Man_Body_Normals.uasset" 282
"D:/UE4 projects/dodgegame3d/Content/Man/Textures/Body/T_Man_Body_Metallic.uasset" 283
"D:/UE4 projects/dodgegame3d/Content/Man/Textures/Body/T_Man_Body_Ao.uasset" 284
"D:/UE4 projects/dodgegame3d/Content/Man/Textures/Body/T_Man_Body_Albedo.uasset" 285
"D:/UE4 projects/dodgegame3d/Content/Man/Materials/M_MAn_Body.uasset" 286
"D:/UE4 projects/dodgegame3d/Content/Man/Mesh/Full/SK_Man_Full_04.uasset" 287
"../../../Engine/Content/EditorBlueprintResources/StandardMacros.uasset" 288
"D:/UE4 projects/dodgegame3d/Content/Mannequin/Animations/ThirdPersonWalk.uasset" 289
"D:/UE4 projects/dodgegame3d/Content/Mannequin/Animations/ThirdPersonRun.uasset" 290
"D:/UE4 projects/dodgegame3d/Content/Mannequin/Animations/ThirdPersonIdle.uasset" 291
"D:/UE4 projects/dodgegame3d/Content/Mannequin/Animations/ThirdPerson_IdleRun_2D.uasset" 292
"D:/UE4 projects/dodgegame3d/Content/Mannequin/Animations/ThirdPerson_Jump.uasset" 293
"D:/UE4 projects/dodgegame3d/Content/Mannequin/Animations/ThirdPersonJump_Start.uasset" 294
"D:/UE4 projects/dodgegame3d/Content/Mannequin/Animations/ThirdPersonJump_Loop.uasset" 295
"D:/UE4 projects/dodgegame3d/Content/Mannequin/Animations/ThirdPerson_AnimBP.uasset" 296
"D:/UE4 projects/dodgegame3d/Content/BP/Blueprints/ThirdPersonCharacter.uasset" 297
"D:/UE4 projects/dodgegame3d/Content/BP/Blueprints/ThirdPersonGameMode.uasset" 298
"D:/UE4 projects/dodgegame3d/Content/obstaclemesh/Obstacle/Materials/M_Color_Master.uasset" 299
"D:/UE4 projects/dodgegame3d/Content/obstaclemesh/Obstacle/Materials/MI_Color_Orange.uasset" 300
"D:/UE4 projects/dodgegame3d/Content/obstaclemesh/Obstacle/Meshes/Cylinder.uasset" 301
"D:/UE4 projects/dodgegame3d/Content/imagesandBGM/Game-Over-Transparent-Image.uasset" 302
"D:/UE4 projects/dodgegame3d/Content/widgets/Gameover.uasset" 303
"D:/UE4 projects/dodgegame3d/Content/BP/Blueprints/obstacle.uasset" 304
"D:/UE4 projects/dodgegame3d/Content/LevelMapsandAssets/maps/landscape.umap" 305
"D:/UE4 projects/dodgegame3d/Content/widgets/Mainmenu.uasset" 306
"D:/UE4 projects/dodgegame3d/Content/BP/Blueprints/Mainmenuchar.uasset" 307
"D:/UE4 projects/dodgegame3d/Content/Blueprints/Mainmenu.uasset" 308
"D:/UE4 projects/dodgegame3d/Content/LevelMapsandAssets/maps/Mainmenu_BuiltData.uasset" 309
"D:/UE4 projects/dodgegame3d/Content/Geometry/Meshes/CubeMaterial.uasset" 310
"D:/UE4 projects/dodgegame3d/Content/Geometry/Meshes/TemplateFloor.uasset" 311
"D:/UE4 projects/dodgegame3d/Content/LevelMapsandAssets/maps/Mainmenu.umap" 312
"../../../Engine/Content/Maps/Entry_BuiltData.uasset" 313
"../../../Engine/Content/Maps/Entry.umap" 314
